Using pre-set license
Built from '2020.3/staging' branch; Version is '2020.3.21f1 (a38c86f6690f) revision 10718342'; Using compiler version '192528614'; Build Type 'Release'
OS: 'Windows 10 Home Single Language; OS build 22000.675; Version 2009; 64bit' Language: 'ru' Physical Memory: 15789 MB
BatchMode: 1, IsHumanControllingUs: 0, StartBugReporterOnCrash: 0, Is64bit: 1, IsPro: 0

COMMAND LINE ARGUMENTS:
C:\Program Files\Unity 2020.3.21f1\Editor\Unity.exe
-adb2
-batchMode
-noUpm
-name
AssetImportWorker0
-projectPath
C:/Users/chay-/OneDrive/Рабочий стол/Cliker/ClikerUnity
-logFile
Logs/AssetImportWorker0.log
-srvPort
50954
Successfully changed project path to: C:/Users/chay-/OneDrive/Рабочий стол/Cliker/ClikerUnity
C:/Users/chay-/OneDrive/Рабочий стол/Cliker/ClikerUnity
Using Asset Import Pipeline V2.
Refreshing native plugins compatible for Editor in 35.01 ms, found 2 plugins.
Preloading 0 native plugins for Editor in 0.00 ms.
Initialize engine version: 2020.3.21f1 (a38c86f6690f)
[Subsystems] Discovering subsystems at path C:/Program Files/Unity 2020.3.21f1/Editor/Data/Resources/UnitySubsystems
[Subsystems] Discovering subsystems at path C:/Users/chay-/OneDrive/Рабочий стол/Cliker/ClikerUnity/Assets
GfxDevice: creating device client; threaded=0
Direct3D:
    Version:  Direct3D 11.0 [level 11.1]
    Renderer: NVIDIA GeForce GTX 1660 Ti with Max-Q Design (ID=0x2191)
    Vendor:   
    VRAM:     5991 MB
    Driver:   30.0.14.9649
Initialize mono
Mono path[0] = 'C:/Program Files/Unity 2020.3.21f1/Editor/Data/Managed'
Mono path[1] = 'C:/Program Files/Unity 2020.3.21f1/Editor/Data/MonoBleedingEdge/lib/mono/unityjit'
Mono config path = 'C:/Program Files/Unity 2020.3.21f1/Editor/Data/MonoBleedingEdge/etc'
Using monoOptions --debugger-agent=transport=dt_socket,embedding=1,server=y,suspend=n,address=127.0.0.1:56720
Begin MonoManager ReloadAssembly
Registering precompiled unity dll's ...
Register platform support module: C:/Program Files/Unity 2020.3.21f1/Editor/Data/PlaybackEngines/WebGLSupport/UnityEditor.WebGL.Extensions.dll
Register platform support module: C:/Program Files/Unity 2020.3.21f1/Editor/Data/PlaybackEngines/WindowsStandaloneSupport/UnityEditor.WindowsStandalone.Extensions.dll
Registered in 0.002320 seconds.
Native extension for WindowsStandalone target not found
Native extension for WebGL target not found
Refreshing native plugins compatible for Editor in 29.00 ms, found 2 plugins.
Preloading 0 native plugins for Editor in 0.00 ms.
Mono: successfully reloaded assembly
- Completed reload, in  1.145 seconds
Domain Reload Profiling:
	ReloadAssembly (1145ms)
		BeginReloadAssembly (53ms)
			ExecutionOrderSort (0ms)
			DisableScriptedObjects (0ms)
			BackupInstance (0ms)
			ReleaseScriptingObjects (0ms)
			CreateAndSetChildDomain (1ms)
		EndReloadAssembly (414ms)
			LoadAssemblies (51ms)
			RebuildTransferFunctionScriptingTraits (0ms)
			SetupTypeCache (140ms)
			ReleaseScriptCaches (0ms)
			RebuildScriptCaches (28ms)
			SetupLoadedEditorAssemblies (152ms)
				LogAssemblyErrors (0ms)
				InitializePlatformSupportModulesInManaged (5ms)
				SetLoadedEditorAssemblies (0ms)
				RefreshPlugins (29ms)
				BeforeProcessingInitializeOnLoad (17ms)
				ProcessInitializeOnLoadAttributes (74ms)
				ProcessInitializeOnLoadMethodAttributes (27ms)
				AfterProcessingInitializeOnLoad (0ms)
				EditorAssembliesLoaded (0ms)
			ExecutionOrderSort2 (0ms)
			AwakeInstancesAfterBackupRestoration (0ms)
Platform modules already initialized, skipping
Registering precompiled user dll's ...
Registered in 0.007677 seconds.
Begin MonoManager ReloadAssembly
Native extension for WindowsStandalone target not found
Native extension for WebGL target not found
Refreshing native plugins compatible for Editor in 0.36 ms, found 2 plugins.
Preloading 0 native plugins for Editor in 0.00 ms.
Mono: successfully reloaded assembly
- Completed reload, in  0.993 seconds
Domain Reload Profiling:
	ReloadAssembly (994ms)
		BeginReloadAssembly (142ms)
			ExecutionOrderSort (0ms)
			DisableScriptedObjects (4ms)
			BackupInstance (0ms)
			ReleaseScriptingObjects (0ms)
			CreateAndSetChildDomain (21ms)
		EndReloadAssembly (791ms)
			LoadAssemblies (87ms)
			RebuildTransferFunctionScriptingTraits (0ms)
			SetupTypeCache (267ms)
			ReleaseScriptCaches (1ms)
			RebuildScriptCaches (41ms)
			SetupLoadedEditorAssemblies (313ms)
				LogAssemblyErrors (0ms)
				InitializePlatformSupportModulesInManaged (6ms)
				SetLoadedEditorAssemblies (0ms)
				RefreshPlugins (0ms)
				BeforeProcessingInitializeOnLoad (83ms)
				ProcessInitializeOnLoadAttributes (207ms)
				ProcessInitializeOnLoadMethodAttributes (9ms)
				AfterProcessingInitializeOnLoad (7ms)
				EditorAssembliesLoaded (0ms)
			ExecutionOrderSort2 (0ms)
			AwakeInstancesAfterBackupRestoration (7ms)
Platform modules already initialized, skipping
========================================================================
Worker process is ready to serve import requests
Launched and connected shader compiler UnityShaderCompiler.exe after 0.06 seconds
Refreshing native plugins compatible for Editor in 0.41 ms, found 2 plugins.
Preloading 0 native plugins for Editor in 0.00 ms.
Unloading 1511 Unused Serialized files (Serialized files now loaded: 0)
System memory in use before: 67.9 MB.
System memory in use after: 68.0 MB.

Unloading 21 unused Assets to reduce memory usage. Loaded Objects now: 1948.
Total: 4.596700 ms (FindLiveObjects: 0.372600 ms CreateObjectMapping: 0.129100 ms MarkObjects: 4.013300 ms  DeleteObjects: 0.079400 ms)

AssetImportParameters requested are different than current active one (requested -> active):
  custom:framework-win-MediaFoundation: 216162199b28c13a410421893ffa2e32 -> 
  custom:video-decoder-ogg-theora: a1e56fd34408186e4bbccfd4996cb3dc -> 
  custom:container-muxer-webm: aa71ff27fc2769a1b78a27578f13a17b -> 
  custom:container-demuxer-webm: 4f35f7cbe854078d1ac9338744f61a02 -> 
  custom:container-demuxer-ogg: 62fdf1f143b41e24485cea50d1cbac27 -> 
  custom:video-encoder-webm-vp8: eb34c28f22e8b96e1ab97ce403110664 -> 
  custom:video-codec-MediaFoundation-h265: 746d11721c4dcdbdad8f713fa42b33f4 -> 
  custom:video-decoder-webm-vp8: 9c59270c3fd7afecdb556c50c9e8de78 -> 
  custom:audio-decoder-ogg-vorbis: bf7c407c2cedff20999df2af8eb42d56 -> 
  custom:audio-encoder-webm-vorbis: bf7c407c2cedff20999df2af8eb42d56 -> 
========================================================================
Received Import Request.
  path: Assets/Scenes/Hall.unity
  artifactKey: Guid(434c51c1485f7954b8c880cba68ae4ee) Importer(815301076,1909f56bfc062723c751e8b465ee728b)
Start importing Assets/Scenes/Hall.unity using Guid(434c51c1485f7954b8c880cba68ae4ee) Importer(815301076,1909f56bfc062723c751e8b465ee728b)  -> (artifact id: 'f191a0ad5a3c73f70c79fb7d44ea1e74') in 0.017328 seconds 
  Import took 0.020198 seconds .

========================================================================
Received Import Request.
  Time since last request: 42.257409 seconds.
  path: Assets/model
  artifactKey: Guid(a9f8540644402294e89e4c6aa53fff40) Importer(815301076,1909f56bfc062723c751e8b465ee728b)
Start importing Assets/model using Guid(a9f8540644402294e89e4c6aa53fff40) Importer(815301076,1909f56bfc062723c751e8b465ee728b)  -> (artifact id: '645b039b45f8702f75f8ef25700e27c5') in 0.008294 seconds 
  Import took 0.010861 seconds .

========================================================================
Received Import Request.
  Time since last request: 0.073363 seconds.
  path: Assets/model/AVTOMAT11.png
  artifactKey: Guid(92ea4a129bcbdd24bb21dbd7cd452706) Importer(815301076,1909f56bfc062723c751e8b465ee728b)
Start importing Assets/model/AVTOMAT11.png using Guid(92ea4a129bcbdd24bb21dbd7cd452706) Importer(815301076,1909f56bfc062723c751e8b465ee728b)  -> (artifact id: 'c9ffffb5574d2fcf47242d020e90741a') in 0.099110 seconds 
  Import took 0.101651 seconds .

========================================================================
Received Import Request.
  Time since last request: 0.000274 seconds.
  path: Assets/model/супер мега политра.png
  artifactKey: Guid(eb5891a98e6f34643a770c03fc027fde) Importer(815301076,1909f56bfc062723c751e8b465ee728b)
Start importing Assets/model/супер мега политра.png using Guid(eb5891a98e6f34643a770c03fc027fde) Importer(815301076,1909f56bfc062723c751e8b465ee728b)  -> (artifact id: 'd26adf36632f47f02230e2d74476d645') in 0.015062 seconds 
  Import took 0.017930 seconds .

========================================================================
Received Import Request.
  Time since last request: 0.000289 seconds.
  path: Assets/model/viveska.png
  artifactKey: Guid(b8c83ffd373a8644cab7143c57083543) Importer(815301076,1909f56bfc062723c751e8b465ee728b)
Start importing Assets/model/viveska.png using Guid(b8c83ffd373a8644cab7143c57083543) Importer(815301076,1909f56bfc062723c751e8b465ee728b)  -> (artifact id: '8316a3b6ed181966b1468bacd9c8781b') in 0.018120 seconds 
  Import took 0.021206 seconds .

========================================================================
Received Import Request.
  Time since last request: 0.000387 seconds.
  path: Assets/model/для кликера.fbx
  artifactKey: Guid(a4d670c15c5ac7f45882cefb4c11c7ee) Importer(815301076,1909f56bfc062723c751e8b465ee728b)
Start importing Assets/model/для кликера.fbx using Guid(a4d670c15c5ac7f45882cefb4c11c7ee) Importer(815301076,1909f56bfc062723c751e8b465ee728b)  -> (artifact id: '077369a44d64f0dd59591e9fea398488') in 0.943452 seconds 
  Import took 0.957546 seconds .

========================================================================
Received Import Request.
  Time since last request: 0.000268 seconds.
  path: Assets/model/Glass.mat
  artifactKey: Guid(16ccbed9385c2054b88744f402778007) Importer(815301076,1909f56bfc062723c751e8b465ee728b)
Start importing Assets/model/Glass.mat using Guid(16ccbed9385c2054b88744f402778007) Importer(815301076,1909f56bfc062723c751e8b465ee728b)  -> (artifact id: 'e5feb5f8d029d99d7d62cd45ff122ff1') in 0.029422 seconds 
  Import took 0.032855 seconds .

========================================================================
Received Import Request.
  Time since last request: 12.070314 seconds.
  path: Assets/model/gribs.fbx
  artifactKey: Guid(ce6860c117ade2e4dab14a2a1c57d3d5) Importer(815301076,1909f56bfc062723c751e8b465ee728b)
Start importing Assets/model/gribs.fbx using Guid(ce6860c117ade2e4dab14a2a1c57d3d5) Importer(815301076,1909f56bfc062723c751e8b465ee728b)  -> (artifact id: '4f4e9e776c81f8cca2e5f334807c4177') in 0.067911 seconds 
  Import took 0.071074 seconds .

========================================================================
Received Import Request.
  Time since last request: 54.019148 seconds.
  path: Assets/model/ikonki.png
  artifactKey: Guid(ae1f8f60aa1e9d84b9869c6b0af3076d) Importer(815301076,1909f56bfc062723c751e8b465ee728b)
Start importing Assets/model/ikonki.png using Guid(ae1f8f60aa1e9d84b9869c6b0af3076d) Importer(815301076,1909f56bfc062723c751e8b465ee728b)  -> (artifact id: '181876376e01291c1e02de7383b584c1') in 0.020946 seconds 
  Import took 0.024882 seconds .

AssetImportWorkerClient::OnTransportError - code=2 error=End of file
